[2021-07-05T21:38:42.500] [DEBUG] cheese - login => username:zs,password:123456
[2021-07-05T21:38:42.502] [DEBUG] cheese - zs
[2021-07-05T21:38:42.530] [DEBUG] cheese - null
[2021-07-05T21:38:42.530] [DEBUG] cheese - null
[2021-07-05T21:39:21.174] [DEBUG] cheese - login => username:admin,password:123456
[2021-07-05T21:39:21.174] [DEBUG] cheese - admin
[2021-07-05T21:39:21.178] [DEBUG] cheese - null
[2021-07-05T21:39:21.178] [DEBUG] cheese - null
[2021-07-06T16:25:32.653] [DEBUG] cheese - login => username:admin,password:123456
[2021-07-06T16:25:32.655] [DEBUG] cheese - admin
[2021-07-06T16:25:32.707] [DEBUG] cheese - null
[2021-07-06T16:25:32.708] [DEBUG] cheese - null
[2021-07-07T13:09:48.339] [DEBUG] cheese - login => username:zsasd,password:123asd
[2021-07-07T13:09:48.340] [DEBUG] cheese - zsasd
[2021-07-07T13:09:48.393] [DEBUG] cheese - null
[2021-07-07T13:09:48.394] [DEBUG] cheese - null
[2021-07-07T13:11:01.249] [DEBUG] cheese - login => username:zsas,password:123sasddsa
[2021-07-07T13:11:01.250] [DEBUG] cheese - zsas
[2021-07-07T13:11:01.251] [DEBUG] cheese - null
[2021-07-07T13:11:01.252] [DEBUG] cheese - null
[2021-07-07T13:13:19.210] [DEBUG] cheese - login => username:zsda,password:123dsadassad
[2021-07-07T13:13:19.210] [DEBUG] cheese - zsda
[2021-07-07T13:13:19.214] [DEBUG] cheese - null
[2021-07-07T13:13:19.214] [DEBUG] cheese - null
[2021-07-07T13:13:33.614] [DEBUG] cheese - login => username:zsss,password:123sss
[2021-07-07T13:13:33.614] [DEBUG] cheese - zsss
[2021-07-07T13:13:33.615] [DEBUG] cheese - null
[2021-07-07T13:13:33.615] [DEBUG] cheese - null
[2021-07-07T13:16:16.227] [DEBUG] cheese - login => username:zssddssd,password:123ssss
[2021-07-07T13:16:16.227] [DEBUG] cheese - zssddssd
[2021-07-07T13:16:16.231] [DEBUG] cheese - null
[2021-07-07T13:16:16.231] [DEBUG] cheese - null
[2021-07-07T13:22:55.682] [DEBUG] cheese - login => username:zsssss,password:123ssss
[2021-07-07T13:22:55.682] [DEBUG] cheese - zsssss
[2021-07-07T13:22:55.685] [DEBUG] cheese - null
[2021-07-07T13:22:55.686] [DEBUG] cheese - null
[2021-07-07T13:25:57.114] [DEBUG] cheese - login => username:zsass,password:123assa
[2021-07-07T13:25:57.114] [DEBUG] cheese - zsass
[2021-07-07T13:25:57.117] [DEBUG] cheese - null
[2021-07-07T13:25:57.117] [DEBUG] cheese - null
[2021-07-07T13:26:28.423] [DEBUG] cheese - login => username:zsassa,password:123assa
[2021-07-07T13:26:28.423] [DEBUG] cheese - zsassa
[2021-07-07T13:26:28.424] [DEBUG] cheese - null
[2021-07-07T13:26:28.424] [DEBUG] cheese - null
[2021-07-07T13:26:29.821] [DEBUG] cheese - login => username:zsassa,password:123assa
[2021-07-07T13:26:29.822] [DEBUG] cheese - zsassa
[2021-07-07T13:26:29.823] [DEBUG] cheese - null
[2021-07-07T13:26:29.823] [DEBUG] cheese - null
[2021-07-07T13:28:16.976] [DEBUG] cheese - login => username:zsasdsda,password:123saddsa
[2021-07-07T13:28:16.976] [DEBUG] cheese - zsasdsda
[2021-07-07T13:28:16.977] [DEBUG] cheese - null
[2021-07-07T13:28:16.977] [DEBUG] cheese - null
[2021-07-07T13:28:18.901] [DEBUG] cheese - login => username:zsasdsda,password:123saddsa
[2021-07-07T13:28:18.901] [DEBUG] cheese - zsasdsda
[2021-07-07T13:28:18.902] [DEBUG] cheese - null
[2021-07-07T13:28:18.902] [DEBUG] cheese - null
[2021-07-07T13:28:27.919] [DEBUG] cheese - login => username:zsasd,password:123ssd
[2021-07-07T13:28:27.919] [DEBUG] cheese - zsasd
[2021-07-07T13:28:27.921] [DEBUG] cheese - null
[2021-07-07T13:28:27.921] [DEBUG] cheese - null
[2021-07-07T13:28:28.761] [DEBUG] cheese - login => username:zsasd,password:123ssd
[2021-07-07T13:28:28.761] [DEBUG] cheese - zsasd
[2021-07-07T13:28:28.763] [DEBUG] cheese - null
[2021-07-07T13:28:28.763] [DEBUG] cheese - null
[2021-07-07T13:28:28.906] [DEBUG] cheese - login => username:zsasd,password:123ssd
[2021-07-07T13:28:28.906] [DEBUG] cheese - zsasd
[2021-07-07T13:28:28.908] [DEBUG] cheese - null
[2021-07-07T13:28:28.908] [DEBUG] cheese - null
[2021-07-07T13:28:45.093] [DEBUG] cheese - login => username:zssss,password:123ssss
[2021-07-07T13:28:45.093] [DEBUG] cheese - zssss
[2021-07-07T13:28:45.094] [DEBUG] cheese - null
[2021-07-07T13:28:45.094] [DEBUG] cheese - null
[2021-07-07T13:28:59.005] [DEBUG] cheese - login => username:zssdsd,password:123sdsd
[2021-07-07T13:28:59.005] [DEBUG] cheese - zssdsd
[2021-07-07T13:28:59.006] [DEBUG] cheese - null
[2021-07-07T13:28:59.007] [DEBUG] cheese - null
[2021-07-07T13:29:11.130] [DEBUG] cheese - login => username:zsasdsad,password:123asddas
[2021-07-07T13:29:11.130] [DEBUG] cheese - zsasdsad
[2021-07-07T13:29:11.132] [DEBUG] cheese - null
[2021-07-07T13:29:11.132] [DEBUG] cheese - null
[2021-07-07T13:29:51.440] [DEBUG] cheese - login => username:zsss,password:123sss
[2021-07-07T13:29:51.441] [DEBUG] cheese - zsss
[2021-07-07T13:29:51.442] [DEBUG] cheese - null
[2021-07-07T13:29:51.442] [DEBUG] cheese - null
[2021-07-07T13:29:53.044] [DEBUG] cheese - login => username:zsss,password:123sss
[2021-07-07T13:29:53.044] [DEBUG] cheese - zsss
[2021-07-07T13:29:53.045] [DEBUG] cheese - null
[2021-07-07T13:29:53.046] [DEBUG] cheese - null
[2021-07-07T13:29:55.525] [DEBUG] cheese - login => username:zsss,password:123sssd
[2021-07-07T13:29:55.525] [DEBUG] cheese - zsss
[2021-07-07T13:29:55.526] [DEBUG] cheese - null
[2021-07-07T13:29:55.526] [DEBUG] cheese - null
[2021-07-07T13:30:09.545] [DEBUG] cheese - login => username:zsss,password:123sssad
[2021-07-07T13:30:09.545] [DEBUG] cheese - zsss
[2021-07-07T13:30:09.547] [DEBUG] cheese - null
[2021-07-07T13:30:09.547] [DEBUG] cheese - null
[2021-07-07T13:30:10.797] [DEBUG] cheese - login => username:zsss,password:123sssad
[2021-07-07T13:30:10.797] [DEBUG] cheese - zsss
[2021-07-07T13:30:10.798] [DEBUG] cheese - null
[2021-07-07T13:30:10.798] [DEBUG] cheese - null
[2021-07-07T13:30:10.934] [DEBUG] cheese - login => username:zsss,password:123sssad
[2021-07-07T13:30:10.934] [DEBUG] cheese - zsss
[2021-07-07T13:30:10.935] [DEBUG] cheese - null
[2021-07-07T13:30:10.936] [DEBUG] cheese - null
[2021-07-07T13:30:11.074] [DEBUG] cheese - login => username:zsss,password:123sssad
[2021-07-07T13:30:11.074] [DEBUG] cheese - zsss
[2021-07-07T13:30:11.075] [DEBUG] cheese - null
[2021-07-07T13:30:11.075] [DEBUG] cheese - null
[2021-07-07T13:30:11.206] [DEBUG] cheese - login => username:zsss,password:123sssad
[2021-07-07T13:30:11.207] [DEBUG] cheese - zsss
[2021-07-07T13:30:11.208] [DEBUG] cheese - null
[2021-07-07T13:30:11.208] [DEBUG] cheese - null
[2021-07-07T13:30:11.334] [DEBUG] cheese - login => username:zsss,password:123sssad
[2021-07-07T13:30:11.334] [DEBUG] cheese - zsss
[2021-07-07T13:30:11.335] [DEBUG] cheese - null
[2021-07-07T13:30:11.335] [DEBUG] cheese - null
[2021-07-07T13:30:11.856] [DEBUG] cheese - login => username:zsss,password:123sssad
[2021-07-07T13:30:11.856] [DEBUG] cheese - zsss
[2021-07-07T13:30:11.858] [DEBUG] cheese - null
[2021-07-07T13:30:11.858] [DEBUG] cheese - null
[2021-07-07T13:30:32.334] [DEBUG] cheese - login => username:zsasd,password:123asd
[2021-07-07T13:30:32.334] [DEBUG] cheese - zsasd
[2021-07-07T13:30:32.335] [DEBUG] cheese - null
[2021-07-07T13:30:32.335] [DEBUG] cheese - null
[2021-07-07T13:30:46.776] [DEBUG] cheese - login => username:zsasdas,password:123asdasd
[2021-07-07T13:30:46.776] [DEBUG] cheese - zsasdas
[2021-07-07T13:30:46.777] [DEBUG] cheese - null
[2021-07-07T13:30:46.777] [DEBUG] cheese - null
[2021-07-07T13:31:23.982] [DEBUG] cheese - login => username:zs54854,password:1238484
[2021-07-07T13:31:23.982] [DEBUG] cheese - zs54854
[2021-07-07T13:31:23.983] [DEBUG] cheese - null
[2021-07-07T13:31:23.983] [DEBUG] cheese - null
[2021-07-07T17:27:43.770] [DEBUG] cheese - login => username:admin,password:123456
[2021-07-07T17:27:43.771] [DEBUG] cheese - admin
[2021-07-07T17:27:43.872] [DEBUG] cheese - null
[2021-07-07T17:27:43.872] [DEBUG] cheese - null
[2021-07-07T17:28:04.018] [DEBUG] cheese - login => username:admin,password:123456
[2021-07-07T17:28:04.018] [DEBUG] cheese - admin
[2021-07-07T17:28:04.021] [DEBUG] cheese - null
[2021-07-07T17:28:04.021] [DEBUG] cheese - null
[2021-07-07T17:30:26.718] [DEBUG] cheese - login => username:admin,password:123456
[2021-07-07T17:30:26.718] [DEBUG] cheese - admin
[2021-07-07T17:30:26.724] [DEBUG] cheese - null
[2021-07-07T17:30:26.724] [DEBUG] cheese - null
[2021-07-07T17:31:51.360] [DEBUG] cheese - login => username:admin,password:123456
[2021-07-07T17:31:51.360] [DEBUG] cheese - admin
[2021-07-07T17:31:51.361] [DEBUG] cheese - null
[2021-07-07T17:31:51.361] [DEBUG] cheese - null
[2021-07-07T17:31:54.866] [DEBUG] cheese - login => username:admin1,password:123456
[2021-07-07T17:31:54.866] [DEBUG] cheese - admin1
[2021-07-07T17:31:54.868] [DEBUG] cheese - null
[2021-07-07T17:31:54.868] [DEBUG] cheese - null
[2021-07-07T17:33:58.663] [DEBUG] cheese - login => username:admin手,password:123456
[2021-07-07T17:33:58.663] [DEBUG] cheese - admin手
[2021-07-07T17:33:59.417] [DEBUG] cheese - null
[2021-07-07T17:33:59.417] [DEBUG] cheese - null
[2021-07-07T17:34:01.158] [DEBUG] cheese - login => username:admin,password:123456
[2021-07-07T17:34:01.158] [DEBUG] cheese - admin
[2021-07-07T17:34:01.160] [DEBUG] cheese - null
[2021-07-07T17:34:01.160] [DEBUG] cheese - null
[2021-07-07T17:42:54.958] [DEBUG] cheese - login => username:admin,password:123456
[2021-07-07T17:42:54.960] [DEBUG] cheese - admin
[2021-07-07T17:42:54.964] [DEBUG] cheese - null
[2021-07-07T17:42:54.965] [DEBUG] cheese - null
[2021-07-07T17:45:33.701] [DEBUG] cheese - login => username:admin,password:123456
[2021-07-07T17:45:33.701] [DEBUG] cheese - admin
[2021-07-07T17:45:33.704] [DEBUG] cheese - null
[2021-07-07T17:45:33.704] [DEBUG] cheese - null
[2021-07-07T17:45:39.286] [DEBUG] cheese - login => username:admin,password:123456a
[2021-07-07T17:45:39.286] [DEBUG] cheese - admin
[2021-07-07T17:45:39.288] [DEBUG] cheese - null
[2021-07-07T17:45:39.288] [DEBUG] cheese - null
[2021-07-07T17:47:08.143] [DEBUG] cheese - login => username:admin,password:123456a
[2021-07-07T17:47:08.143] [DEBUG] cheese - admin
[2021-07-07T17:47:08.145] [DEBUG] cheese - null
[2021-07-07T17:47:08.145] [DEBUG] cheese - null
[2021-07-07T17:47:11.171] [DEBUG] cheese - login => username:admin,password:123456
[2021-07-07T17:47:11.171] [DEBUG] cheese - admin
[2021-07-07T17:47:11.172] [DEBUG] cheese - null
[2021-07-07T17:47:11.172] [DEBUG] cheese - null
[2021-07-07T17:48:23.260] [DEBUG] cheese - login => username:admin,password:123456
[2021-07-07T17:48:23.260] [DEBUG] cheese - admin
[2021-07-07T17:48:23.262] [DEBUG] cheese - null
[2021-07-07T17:48:23.262] [DEBUG] cheese - null
[2021-07-07T17:56:06.296] [DEBUG] cheese - login => username:admin,password:123456
[2021-07-07T17:56:06.297] [DEBUG] cheese - admin
[2021-07-07T17:56:06.300] [DEBUG] cheese - null
[2021-07-07T17:56:06.300] [DEBUG] cheese - null
[2021-07-08T12:00:49.155] [DEBUG] cheese - login => username:admin,password:123456
[2021-07-08T12:00:49.156] [DEBUG] cheese - admin
[2021-07-08T12:00:49.235] [DEBUG] cheese - null
[2021-07-08T12:00:49.235] [DEBUG] cheese - null
[2021-07-08T12:00:56.154] [DEBUG] cheese - login => username:admin,password:123456
[2021-07-08T12:00:56.154] [DEBUG] cheese - admin
[2021-07-08T12:00:56.156] [DEBUG] cheese - null
[2021-07-08T12:00:56.156] [DEBUG] cheese - null
[2021-07-08T12:03:16.853] [DEBUG] cheese - login => username:admin,password:123456
[2021-07-08T12:03:16.854] [DEBUG] cheese - admin
[2021-07-08T12:03:16.857] [DEBUG] cheese - null
[2021-07-08T12:03:16.857] [DEBUG] cheese - null
[2021-07-08T12:18:54.086] [DEBUG] cheese - login => username:admin,password:123456
[2021-07-08T12:18:54.087] [DEBUG] cheese - admin
[2021-07-08T12:18:54.090] [DEBUG] cheese - null
[2021-07-08T12:18:54.090] [DEBUG] cheese - null
[2021-07-08T12:49:51.428] [DEBUG] cheese - login => username:admin,password:123456
[2021-07-08T12:49:51.428] [DEBUG] cheese - admin
[2021-07-08T12:49:51.431] [DEBUG] cheese - null
[2021-07-08T12:49:51.431] [DEBUG] cheese - null
[2021-07-08T13:45:02.053] [DEBUG] cheese - login => username:admin,password:123456
[2021-07-08T13:45:02.053] [DEBUG] cheese - admin
[2021-07-08T13:45:02.057] [DEBUG] cheese - null
[2021-07-08T13:45:02.057] [DEBUG] cheese - null
[2021-07-08T14:08:34.826] [DEBUG] cheese - login => username:admin,password:123456
[2021-07-08T14:08:34.826] [DEBUG] cheese - admin
[2021-07-08T14:08:34.828] [DEBUG] cheese - null
[2021-07-08T14:08:34.828] [DEBUG] cheese - null
[2021-07-08T14:13:32.705] [DEBUG] cheese - login => username:admin,password:123456
[2021-07-08T14:13:32.705] [DEBUG] cheese - admin
[2021-07-08T14:13:32.706] [DEBUG] cheese - null
[2021-07-08T14:13:32.706] [DEBUG] cheese - null
[2021-07-08T14:14:39.383] [DEBUG] cheese - login => username:admin,password:123456
[2021-07-08T14:14:39.383] [DEBUG] cheese - admin
[2021-07-08T14:14:39.385] [DEBUG] cheese - null
[2021-07-08T14:14:39.385] [DEBUG] cheese - null
[2021-07-08T14:36:31.462] [DEBUG] cheese - login => username:admin,password:123456
[2021-07-08T14:36:31.462] [DEBUG] cheese - admin
[2021-07-08T14:36:31.463] [DEBUG] cheese - null
[2021-07-08T14:36:31.464] [DEBUG] cheese - null
[2021-07-08T14:37:52.283] [DEBUG] cheese - login => username:admin,password:123456
[2021-07-08T14:37:52.283] [DEBUG] cheese - admin
[2021-07-08T14:37:52.284] [DEBUG] cheese - null
[2021-07-08T14:37:52.284] [DEBUG] cheese - null
[2021-07-08T14:55:29.928] [DEBUG] cheese - login => username:admin,password:123456
[2021-07-08T14:55:29.928] [DEBUG] cheese - admin
[2021-07-08T14:55:29.931] [DEBUG] cheese - null
[2021-07-08T14:55:29.931] [DEBUG] cheese - null
[2021-07-09T19:30:41.588] [DEBUG] cheese - login => username:admin,password:123456
[2021-07-09T19:30:41.589] [DEBUG] cheese - admin
[2021-07-09T19:30:41.627] [DEBUG] cheese - null
[2021-07-09T19:30:41.627] [DEBUG] cheese - null
[2021-07-09T21:14:03.874] [DEBUG] cheese - login => username:admin,password:123456
[2021-07-09T21:14:03.874] [DEBUG] cheese - admin
[2021-07-09T21:14:03.878] [DEBUG] cheese - null
[2021-07-09T21:14:03.878] [DEBUG] cheese - null
[2021-07-10T18:20:02.712] [DEBUG] cheese - login => username:admin,password:123456
[2021-07-10T18:20:02.713] [DEBUG] cheese - admin
[2021-07-10T18:20:02.791] [DEBUG] cheese - null
[2021-07-10T18:20:02.791] [DEBUG] cheese - null
[2021-07-10T18:25:41.538] [DEBUG] cheese - login => username:admin,password:123456
[2021-07-10T18:25:41.538] [DEBUG] cheese - admin
[2021-07-10T18:25:41.541] [DEBUG] cheese - null
[2021-07-10T18:25:41.541] [DEBUG] cheese - null
[2021-07-10T19:34:18.360] [DEBUG] cheese - login => username:admin,password:123456
[2021-07-10T19:34:18.360] [DEBUG] cheese - admin
[2021-07-10T19:34:18.362] [DEBUG] cheese - null
[2021-07-10T19:34:18.362] [DEBUG] cheese - null
[2021-07-10T19:34:34.821] [DEBUG] cheese - login => username:admin,password:123456
[2021-07-10T19:34:34.821] [DEBUG] cheese - admin
[2021-07-10T19:34:34.823] [DEBUG] cheese - null
[2021-07-10T19:34:34.823] [DEBUG] cheese - null
[2021-07-10T21:36:34.881] [DEBUG] cheese - login => username:admin,password:123456
[2021-07-10T21:36:34.881] [DEBUG] cheese - admin
[2021-07-10T21:36:34.883] [DEBUG] cheese - null
[2021-07-10T21:36:34.884] [DEBUG] cheese - null
